[33m
##############################################################
#
#   !!! MONGOOSE WARNING !!!
#
#   This is an UNSTABLE release of Mongoose.
#   Unstable releases are available for preview/testing only.
#   DO NOT run this in production.
#
##############################################################
[0m
[0mPOST /api/v1/auth/kikurage [32m200 [0m63.644 ms - 429[0m
[0mPOST /api/v1/auth/kikurage [33m400 [0m6.415 ms - 108[0m
[0mPOST /api/v1/auth/kikurage [33m400 [0m1.025 ms - 108[0m
[0mPOST /api/v1/auth/unknown [33m400 [0m3.158 ms - 108[0m
[0mPOST /api/v1/auth/unknown [33m400 [0m1.479 ms - 108[0m
[0mPOST /api/v1/auth/kikurage [32m200 [0m6.455 ms - 429[0m
[0mPOST /api/v1/auth/kikurage [33m400 [0m1.993 ms - 108[0m
[0mPOST /api/v1/auth/kikurage [32m200 [0m6.457 ms - 429[0m
[0mPOST /api/v1/auth/kikurage [33m400 [0m1.014 ms - 108[0m
[0mPOST /api/v1/auth/kikurage [32m200 [0m6.385 ms - 429[0m
[0mPOST /api/v1/auth/unknown [33m400 [0m2.213 ms - 108[0m
[0mPOST /api/v1/auth/kikurage [32m200 [0m5.571 ms - 429[0m
[0mPOST /api/v1/auth/unknown [33m400 [0m1.164 ms - 108[0m
[0mPOST /api/v1/auth/kikurage [32m200 [0m5.929 ms - 429[0m
[0mDELETE /api/v1/user/kikurage [32m200 [0m11.535 ms - 27[0m
[0mPOST /api/v1/auth/kikurage [33m400 [0m1.602 ms - 108[0m
[0mPOST /api/v1/auth/kikurage [32m200 [0m6.001 ms - 429[0m
[0mGET /api/v1/auth [32m200 [0m4.238 ms - 429[0m
[0mGET /api/v1/auth [33m404 [0m1.895 ms - 87[0m
[0mGET /api/v1/auth [33m404 [0m0.862 ms - 87[0m
[0mGET /api/v1/auth [33m404 [0m1.512 ms - 87[0m
[0mPOST /api/v1/auth/kikurage [32m200 [0m5.072 ms - 429[0m
[0mDELETE /api/v1/auth [32m200 [0m2.682 ms - 27[0m
[0mGET /api/v1/auth [33m404 [0m1.166 ms - 87[0m
[0mPOST /api/v1/auth/kikurage [32m200 [0m5.456 ms - 429[0m
[0mDELETE /api/v1/auth [32m200 [0m1.887 ms - 27[0m
[0mGET /api/v1/auth [32m200 [0m2.544 ms - 429[0m
[0mPOST /api/v1/auth/kikurage [32m200 [0m9.525 ms - 429[0m
[0mDELETE /api/v1/auth [32m200 [0m0.554 ms - 27[0m
[0mGET /api/v1/auth [32m200 [0m3.803 ms - 429[0m
[0mPOST /api/v1/auth/kikurage [32m200 [0m6.052 ms - 429[0m
[0mDELETE /api/v1/auth [32m200 [0m1.713 ms - 27[0m
[0mGET /api/v1/auth [32m200 [0m5.904 ms - 429[0m
[0mPOST /api/v1/auth/kikurage [32m200 [0m3.111 ms - 429[0m
[0mDELETE /api/v1/auth [32m200 [0m1.408 ms - 27[0m
[0mGET /api/v1/auth [33m404 [0m1.441 ms - 87[0m
[0mDELETE /api/v1/auth [32m200 [0m1.071 ms - 27[0m
[0mGET /api/v1/auth [33m404 [0m1.745 ms - 87[0m
[0mPOST /api/v1/auth/kikurage [32m200 [0m11.603 ms - 429[0m
[0mGET /api/v1/travel/5531fb7a35d5531f4008f30d [32m200 [0m4.256 ms - 197[0m
[0mPOST /api/v1/auth/kikurage [32m200 [0m4.230 ms - 429[0m
[0mGET /api/v1/travel/123456789012345678901234 [33m404 [0m2.643 ms - 89[0m
[0mPOST /api/v1/auth/kikurage [32m200 [0m4.167 ms - 429[0m
[0mGET /api/v1/travel/5531fb7a35d5531f4008f31d [32m200 [0m2.345 ms - 179[0m
[0mPOST /api/v1/auth/kikurage [32m200 [0m6.085 ms - 429[0m
[0mGET /api/v1/travel/5531fb7a35d5531f4008f325 [32m200 [0m3.052 ms - 179[0m
[0mPOST /api/v1/auth/kikurage [32m200 [0m4.356 ms - 429[0m
[0mGET /api/v1/travel/5531fb7a35d5531f4008f32d [32m200 [0m2.134 ms - 179[0m
[0mPOST /api/v1/auth/kikurage [32m200 [0m3.061 ms - 429[0m
[0mGET /api/v1/travel/5531fb7a35d5531f4008f336 [32m200 [0m3.391 ms - 178[0m
[0mPOST /api/v1/auth/kikurage [32m200 [0m6.979 ms - 429[0m
[0mGET /api/v1/travel [32m200 [0m4.676 ms - 199[0m
[0mPOST /api/v1/auth/kikurage [32m200 [0m4.364 ms - 429[0m
[0mPOST /api/v1/travel [32m200 [0m4.518 ms - 179[0m
[0mGET /api/v1/travel/5531fb7a52943a1940774a71 [32m200 [0m3.104 ms - 189[0m
[0mPOST /api/v1/auth/kikurage [32m200 [0m4.196 ms - 429[0m
[0mPOST /api/v1/travel [33m400 [0m1.726 ms - 95[0m
[0mPOST /api/v1/auth/kikurage [32m200 [0m6.228 ms - 429[0m
[0mPOST /api/v1/travel [33m401 [0m1.016 ms - 87[0m
[0mPOST /api/v1/auth/kikurage [32m200 [0m2.833 ms - 429[0m
[0mPOST /api/v1/travel [33m401 [0m0.723 ms - 87[0m
[0mPOST /api/v1/auth/kikurage [32m200 [0m14.040 ms - 429[0m
[0mPOST /api/v1/travel [33m401 [0m1.702 ms - 87[0m
[0mPOST /api/v1/auth/kikurage [32m200 [0m4.792 ms - 429[0m
[0mPATCH /api/v1/travel/5531fb7a35d5531f4008f36d [32m200 [0m4.849 ms - 204[0m
[0mGET /api/v1/travel/5531fb7a35d5531f4008f36d [32m200 [0m2.703 ms - 204[0m
[0mPOST /api/v1/auth/kikurage [32m200 [0m4.567 ms - 429[0m
[0mPATCH /api/v1/travel/123456789012345678901234 [33m404 [0m3.739 ms - 89[0m
[0mPOST /api/v1/auth/kikurage [32m200 [0m6.781 ms - 429[0m
[0mPATCH /api/v1/travel/5531fb7a35d5531f4008f37d [33m401 [0m0.708 ms - 87[0m
[0mPOST /api/v1/auth/kikurage [32m200 [0m4.619 ms - 429[0m
[0mPATCH /api/v1/travel/5531fb7a35d5531f4008f385 [33m401 [0m0.636 ms - 87[0m
[0mPOST /api/v1/auth/kikurage [32m200 [0m3.471 ms - 429[0m
[0mPATCH /api/v1/travel/5531fb7a35d5531f4008f38d [33m401 [0m1.423 ms - 87[0m
[0mPOST /api/v1/auth/kikurage [32m200 [0m3.169 ms - 429[0m
[0mPATCH /api/v1/travel/5531fb7a35d5531f4008f396 [33m403 [0m3.429 ms - 89[0m
[0mGET /api/v1/user/kikurage [32m200 [0m2.155 ms - 175[0m
[0mGET /api/v1/user/unknown [33m404 [0m1.512 ms - 87[0m
[0mPOST /api/v1/user/jinssk [32m200 [0m5.873 ms - 171[0m
[0mPOST /api/v1/user/jinssk [33m400 [0m1.182 ms - 95[0m
[0mPOST /api/v1/user/jinssk [33m400 [0m1.219 ms - 99[0m
[0mPOST /api/v1/user/jinssk [33m400 [0m1.161 ms - 106[0m
[0mPOST /api/v1/user/kikurage [33m409 [0m1.565 ms - 95[0m
[0mPOST /api/v1/auth/kikurage [32m200 [0m5.615 ms - 429[0m
[0mPATCH /api/v1/user/kikurage [32m200 [0m3.710 ms - 182[0m
[0mPOST /api/v1/auth/kikurage [32m200 [0m7.908 ms - 429[0m
[0mPATCH /api/v1/user/unknown [33m404 [0m2.161 ms - 87[0m
[0mPOST /api/v1/auth/kikurage [32m200 [0m5.748 ms - 429[0m
[0mPATCH /api/v1/user/kikurage [33m401 [0m0.833 ms - 87[0m
[0mPOST /api/v1/auth/kikurage [32m200 [0m5.214 ms - 429[0m
[0mPATCH /api/v1/user/kikurage [33m401 [0m1.280 ms - 87[0m
[0mPOST /api/v1/auth/kikurage [32m200 [0m5.469 ms - 429[0m
[0mPATCH /api/v1/user/kikurage [33m401 [0m2.533 ms - 87[0m
[0mPOST /api/v1/auth/kikurage [32m200 [0m6.015 ms - 429[0m
[0mPATCH /api/v1/user/stogu [33m403 [0m5.357 ms - 89[0m
[0mPOST /api/v1/auth/kikurage [32m200 [0m4.424 ms - 429[0m
[0mDELETE /api/v1/user/kikurage [32m200 [0m4.567 ms - 27[0m
[0mGET /api/v1/user/kikurage [33m404 [0m1.663 ms - 87[0m
[0mGET /api/v1/auth [33m404 [0m1.411 ms - 87[0m
[0mPOST /api/v1/auth/kikurage [32m200 [0m4.101 ms - 429[0m
[0mDELETE /api/v1/user/unknown [33m404 [0m1.980 ms - 87[0m
[0mGET /api/v1/user/kikurage [32m200 [0m1.677 ms - 175[0m
[0mGET /api/v1/auth [32m200 [0m2.930 ms - 429[0m
[0mPOST /api/v1/auth/kikurage [32m200 [0m5.024 ms - 429[0m
[0mDELETE /api/v1/user/kikurage [33m401 [0m2.307 ms - 87[0m
[0mGET /api/v1/user/kikurage [32m200 [0m2.087 ms - 175[0m
[0mGET /api/v1/auth [32m200 [0m5.394 ms - 429[0m
[0mPOST /api/v1/auth/kikurage [32m200 [0m4.494 ms - 429[0m
[0mDELETE /api/v1/user/kikurage [33m401 [0m0.541 ms - 87[0m
[0mGET /api/v1/user/kikurage [32m200 [0m1.809 ms - 175[0m
[0mGET /api/v1/auth [32m200 [0m3.331 ms - 429[0m
[0mPOST /api/v1/auth/kikurage [32m200 [0m5.825 ms - 429[0m
[0mDELETE /api/v1/user/kikurage [33m401 [0m1.473 ms - 87[0m
[0mGET /api/v1/user/kikurage [32m200 [0m1.839 ms - 175[0m
[0mGET /api/v1/auth [32m200 [0m2.552 ms - 429[0m
[0mPOST /api/v1/auth/kikurage [32m200 [0m4.751 ms - 429[0m
[0mDELETE /api/v1/user/stogu [33m403 [0m2.285 ms - 89[0m
[0mGET /api/v1/user/stogu [32m200 [0m1.529 ms - 169[0m
[0mGET /api/v1/auth [32m200 [0m4.747 ms - 429[0m
