[33m
##############################################################
#
#   !!! MONGOOSE WARNING !!!
#
#   This is an UNSTABLE release of Mongoose.
#   Unstable releases are available for preview/testing only.
#   DO NOT run this in production.
#
##############################################################
[0m
[0mPOST /api/v1/auth/kikurage [32m200 [0m70.088 ms - 429[0m
[0mPOST /api/v1/auth/kikurage [33m400 [0m7.289 ms - 108[0m
[0mPOST /api/v1/auth/kikurage [33m400 [0m1.309 ms - 108[0m
[0mPOST /api/v1/auth/unknown [33m400 [0m1.611 ms - 108[0m
[0mPOST /api/v1/auth/unknown [33m400 [0m2.286 ms - 108[0m
[0mPOST /api/v1/auth/kikurage [32m200 [0m8.409 ms - 429[0m
[0mPOST /api/v1/auth/kikurage [33m400 [0m1.564 ms - 108[0m
[0mPOST /api/v1/auth/kikurage [32m200 [0m3.690 ms - 429[0m
[0mPOST /api/v1/auth/kikurage [33m400 [0m0.611 ms - 108[0m
[0mPOST /api/v1/auth/kikurage [32m200 [0m8.671 ms - 429[0m
[0mPOST /api/v1/auth/unknown [33m400 [0m3.228 ms - 108[0m
[0mPOST /api/v1/auth/kikurage [32m200 [0m6.239 ms - 429[0m
[0mPOST /api/v1/auth/unknown [33m400 [0m1.900 ms - 108[0m
[0mPOST /api/v1/auth/kikurage [32m200 [0m6.147 ms - 429[0m
[0mDELETE /api/v1/user/kikurage [32m200 [0m10.613 ms - 27[0m
[0mPOST /api/v1/auth/kikurage [33m400 [0m1.294 ms - 108[0m
[0mPOST /api/v1/auth/kikurage [32m200 [0m4.549 ms - 429[0m
[0mGET /api/v1/auth [32m200 [0m4.726 ms - 429[0m
[0mGET /api/v1/auth [33m404 [0m1.332 ms - 87[0m
[0mGET /api/v1/auth [33m404 [0m0.843 ms - 87[0m
[0mGET /api/v1/auth [33m404 [0m1.407 ms - 87[0m
[0mPOST /api/v1/auth/kikurage [32m200 [0m3.895 ms - 429[0m
[0mDELETE /api/v1/auth [32m200 [0m2.638 ms - 27[0m
[0mGET /api/v1/auth [33m404 [0m1.152 ms - 87[0m
[0mPOST /api/v1/auth/kikurage [32m200 [0m5.016 ms - 429[0m
[0mDELETE /api/v1/auth [32m200 [0m1.859 ms - 27[0m
[0mGET /api/v1/auth [32m200 [0m2.008 ms - 429[0m
[0mPOST /api/v1/auth/kikurage [32m200 [0m8.393 ms - 429[0m
[0mDELETE /api/v1/auth [32m200 [0m0.567 ms - 27[0m
[0mGET /api/v1/auth [32m200 [0m3.875 ms - 429[0m
[0mPOST /api/v1/auth/kikurage [32m200 [0m4.268 ms - 429[0m
[0mDELETE /api/v1/auth [32m200 [0m1.105 ms - 27[0m
[0mGET /api/v1/auth [32m200 [0m4.138 ms - 429[0m
[0mPOST /api/v1/auth/kikurage [32m200 [0m3.320 ms - 429[0m
[0mDELETE /api/v1/auth [32m200 [0m1.302 ms - 27[0m
[0mGET /api/v1/auth [33m404 [0m1.392 ms - 87[0m
[0mDELETE /api/v1/auth [32m200 [0m1.019 ms - 27[0m
[0mGET /api/v1/auth [33m404 [0m1.140 ms - 87[0m
[0mPOST /api/v1/auth/kikurage [32m200 [0m5.254 ms - 429[0m
[0mGET /api/v1/travel/5531fb47ad72d5ae3fa4da4d [32m200 [0m11.003 ms - 197[0m
[0mPOST /api/v1/auth/kikurage [32m200 [0m3.608 ms - 429[0m
[0mGET /api/v1/travel/123456789012345678901234 [33m404 [0m2.432 ms - 89[0m
[0mPOST /api/v1/auth/kikurage [32m200 [0m3.579 ms - 429[0m
[0mGET /api/v1/travel/5531fb48ad72d5ae3fa4da5d [32m200 [0m2.033 ms - 179[0m
[0mPOST /api/v1/auth/kikurage [32m200 [0m5.862 ms - 429[0m
[0mGET /api/v1/travel/5531fb48ad72d5ae3fa4da65 [32m200 [0m2.970 ms - 179[0m
[0mPOST /api/v1/auth/kikurage [32m200 [0m4.735 ms - 429[0m
[0mGET /api/v1/travel/5531fb48ad72d5ae3fa4da6d [32m200 [0m2.649 ms - 179[0m
[0mPOST /api/v1/auth/kikurage [32m200 [0m5.149 ms - 429[0m
[0mGET /api/v1/travel/5531fb48ad72d5ae3fa4da76 [32m200 [0m2.410 ms - 178[0m
[0mPOST /api/v1/auth/kikurage [32m200 [0m10.330 ms - 429[0m
[0mGET /api/v1/travel [33m404 [0m2.055 ms - 28[0m
[0mPOST /api/v1/auth/kikurage [32m200 [0m3.211 ms - 429[0m
[0mPOST /api/v1/travel [32m200 [0m5.126 ms - 179[0m
[0mGET /api/v1/travel/5531fb489d5f02a83f6c6900 [32m200 [0m2.666 ms - 189[0m
[0mPOST /api/v1/auth/kikurage [32m200 [0m5.050 ms - 429[0m
[0mPOST /api/v1/travel [33m400 [0m2.360 ms - 95[0m
[0mPOST /api/v1/auth/kikurage [32m200 [0m6.067 ms - 429[0m
[0mPOST /api/v1/travel [33m401 [0m1.078 ms - 87[0m
[0mPOST /api/v1/auth/kikurage [32m200 [0m3.137 ms - 429[0m
[0mPOST /api/v1/travel [33m401 [0m1.162 ms - 87[0m
[0mPOST /api/v1/auth/kikurage [32m200 [0m3.200 ms - 429[0m
[0mPOST /api/v1/travel [33m401 [0m1.415 ms - 87[0m
[0mPOST /api/v1/auth/kikurage [32m200 [0m4.696 ms - 429[0m
[0mPATCH /api/v1/travel/5531fb48ad72d5ae3fa4daad [32m200 [0m4.775 ms - 204[0m
[0mGET /api/v1/travel/5531fb48ad72d5ae3fa4daad [32m200 [0m2.641 ms - 204[0m
[0mPOST /api/v1/auth/kikurage [32m200 [0m3.909 ms - 429[0m
[0mPATCH /api/v1/travel/123456789012345678901234 [33m404 [0m1.944 ms - 89[0m
[0mPOST /api/v1/auth/kikurage [32m200 [0m5.084 ms - 429[0m
[0mPATCH /api/v1/travel/5531fb48ad72d5ae3fa4dabd [33m401 [0m0.627 ms - 87[0m
[0mPOST /api/v1/auth/kikurage [32m200 [0m4.716 ms - 429[0m
[0mPATCH /api/v1/travel/5531fb48ad72d5ae3fa4dac5 [33m401 [0m0.818 ms - 87[0m
[0mPOST /api/v1/auth/kikurage [32m200 [0m3.509 ms - 429[0m
[0mPATCH /api/v1/travel/5531fb48ad72d5ae3fa4dacd [33m401 [0m1.177 ms - 87[0m
[0mPOST /api/v1/auth/kikurage [32m200 [0m3.062 ms - 429[0m
[0mPATCH /api/v1/travel/5531fb48ad72d5ae3fa4dad6 [33m403 [0m3.379 ms - 89[0m
[0mGET /api/v1/user/kikurage [32m200 [0m1.616 ms - 175[0m
[0mGET /api/v1/user/unknown [33m404 [0m1.825 ms - 87[0m
[0mPOST /api/v1/user/jinssk [32m200 [0m3.812 ms - 171[0m
[0mPOST /api/v1/user/jinssk [33m400 [0m1.191 ms - 95[0m
[0mPOST /api/v1/user/jinssk [33m400 [0m1.203 ms - 99[0m
[0mPOST /api/v1/user/jinssk [33m400 [0m1.456 ms - 106[0m
[0mPOST /api/v1/user/kikurage [33m409 [0m2.643 ms - 95[0m
[0mPOST /api/v1/auth/kikurage [32m200 [0m4.251 ms - 429[0m
[0mPATCH /api/v1/user/kikurage [32m200 [0m3.373 ms - 182[0m
[0mPOST /api/v1/auth/kikurage [32m200 [0m3.340 ms - 429[0m
[0mPATCH /api/v1/user/unknown [33m404 [0m1.867 ms - 87[0m
[0mPOST /api/v1/auth/kikurage [32m200 [0m7.812 ms - 429[0m
[0mPATCH /api/v1/user/kikurage [33m401 [0m0.797 ms - 87[0m
[0mPOST /api/v1/auth/kikurage [32m200 [0m5.054 ms - 429[0m
[0mPATCH /api/v1/user/kikurage [33m401 [0m0.724 ms - 87[0m
[0mPOST /api/v1/auth/kikurage [32m200 [0m5.070 ms - 429[0m
[0mPATCH /api/v1/user/kikurage [33m401 [0m1.595 ms - 87[0m
[0mPOST /api/v1/auth/kikurage [32m200 [0m3.748 ms - 429[0m
[0mPATCH /api/v1/user/stogu [33m403 [0m7.463 ms - 89[0m
[0mPOST /api/v1/auth/kikurage [32m200 [0m4.373 ms - 429[0m
[0mDELETE /api/v1/user/kikurage [32m200 [0m14.747 ms - 27[0m
[0mGET /api/v1/user/kikurage [33m404 [0m2.272 ms - 87[0m
[0mGET /api/v1/auth [33m404 [0m1.585 ms - 87[0m
[0mPOST /api/v1/auth/kikurage [32m200 [0m3.983 ms - 429[0m
[0mDELETE /api/v1/user/unknown [33m404 [0m2.076 ms - 87[0m
[0mGET /api/v1/user/kikurage [32m200 [0m1.670 ms - 175[0m
[0mGET /api/v1/auth [32m200 [0m2.388 ms - 429[0m
[0mPOST /api/v1/auth/kikurage [32m200 [0m4.530 ms - 429[0m
[0mDELETE /api/v1/user/kikurage [33m401 [0m0.548 ms - 87[0m
[0mGET /api/v1/user/kikurage [32m200 [0m1.766 ms - 175[0m
[0mGET /api/v1/auth [32m200 [0m3.475 ms - 429[0m
[0mPOST /api/v1/auth/kikurage [32m200 [0m7.011 ms - 429[0m
[0mDELETE /api/v1/user/kikurage [33m401 [0m1.561 ms - 87[0m
[0mGET /api/v1/user/kikurage [32m200 [0m3.537 ms - 175[0m
[0mGET /api/v1/auth [32m200 [0m2.499 ms - 429[0m
[0mPOST /api/v1/auth/kikurage [32m200 [0m4.625 ms - 429[0m
[0mDELETE /api/v1/user/kikurage [33m401 [0m1.317 ms - 87[0m
[0mGET /api/v1/user/kikurage [32m200 [0m1.877 ms - 175[0m
[0mGET /api/v1/auth [32m200 [0m2.523 ms - 429[0m
[0mPOST /api/v1/auth/kikurage [32m200 [0m4.386 ms - 429[0m
[0mDELETE /api/v1/user/stogu [33m403 [0m2.464 ms - 89[0m
[0mGET /api/v1/user/stogu [32m200 [0m2.836 ms - 169[0m
[0mGET /api/v1/auth [32m200 [0m3.641 ms - 429[0m
