[33m
##############################################################
#
#   !!! MONGOOSE WARNING !!!
#
#   This is an UNSTABLE release of Mongoose.
#   Unstable releases are available for preview/testing only.
#   DO NOT run this in production.
#
##############################################################
[0m
[0mPOST /api/v1/auth/kikurage [32m200 [0m69.689 ms - 429[0m
[0mPOST /api/v1/auth/kikurage [33m400 [0m8.428 ms - 108[0m
[0mPOST /api/v1/auth/kikurage [33m400 [0m1.121 ms - 108[0m
[0mPOST /api/v1/auth/unknown [33m400 [0m1.633 ms - 108[0m
[0mPOST /api/v1/auth/unknown [33m400 [0m1.489 ms - 108[0m
[0mPOST /api/v1/auth/kikurage [32m200 [0m11.163 ms - 429[0m
[0mPOST /api/v1/auth/kikurage [33m400 [0m2.211 ms - 108[0m
[0mPOST /api/v1/auth/kikurage [32m200 [0m4.444 ms - 429[0m
[0mPOST /api/v1/auth/kikurage [33m400 [0m0.599 ms - 108[0m
[0mPOST /api/v1/auth/kikurage [32m200 [0m4.771 ms - 429[0m
[0mPOST /api/v1/auth/unknown [33m400 [0m2.437 ms - 108[0m
[0mPOST /api/v1/auth/kikurage [32m200 [0m3.610 ms - 429[0m
[0mPOST /api/v1/auth/unknown [33m400 [0m1.474 ms - 108[0m
[0mPOST /api/v1/auth/kikurage [32m200 [0m8.537 ms - 429[0m
[0mDELETE /api/v1/user/kikurage [32m200 [0m10.341 ms - 27[0m
[0mPOST /api/v1/auth/kikurage [33m400 [0m1.140 ms - 108[0m
[0mPOST /api/v1/auth/kikurage [32m200 [0m5.254 ms - 429[0m
[0mGET /api/v1/auth [32m200 [0m4.725 ms - 429[0m
[0mGET /api/v1/auth [33m404 [0m1.544 ms - 87[0m
[0mGET /api/v1/auth [33m404 [0m1.090 ms - 87[0m
[0mGET /api/v1/auth [33m404 [0m1.898 ms - 87[0m
[0mPOST /api/v1/auth/kikurage [32m200 [0m5.269 ms - 429[0m
[0mDELETE /api/v1/auth [32m200 [0m2.852 ms - 27[0m
[0mGET /api/v1/auth [33m404 [0m1.420 ms - 87[0m
[0mPOST /api/v1/auth/kikurage [32m200 [0m5.601 ms - 429[0m
[0mDELETE /api/v1/auth [32m200 [0m2.222 ms - 27[0m
[0mGET /api/v1/auth [32m200 [0m3.299 ms - 429[0m
[0mPOST /api/v1/auth/kikurage [32m200 [0m12.199 ms - 429[0m
[0mDELETE /api/v1/auth [32m200 [0m0.807 ms - 27[0m
[0mGET /api/v1/auth [32m200 [0m2.709 ms - 429[0m
[0mPOST /api/v1/auth/kikurage [32m200 [0m5.856 ms - 429[0m
[0mDELETE /api/v1/auth [32m200 [0m1.448 ms - 27[0m
[0mGET /api/v1/auth [32m200 [0m3.723 ms - 429[0m
[0mPOST /api/v1/auth/kikurage [32m200 [0m4.074 ms - 429[0m
[0mDELETE /api/v1/auth [32m200 [0m1.185 ms - 27[0m
[0mGET /api/v1/auth [33m404 [0m1.503 ms - 87[0m
[0mDELETE /api/v1/auth [32m200 [0m1.020 ms - 27[0m
[0mGET /api/v1/auth [33m404 [0m1.213 ms - 87[0m
[0mPOST /api/v1/auth/kikurage [32m200 [0m4.261 ms - 429[0m
[0mGET /api/v1/travel/5531fb6603bdb4e53f0c0910 [32m200 [0m8.118 ms - 197[0m
[0mPOST /api/v1/auth/kikurage [32m200 [0m6.019 ms - 429[0m
[0mGET /api/v1/travel/123456789012345678901234 [33m404 [0m3.609 ms - 89[0m
[0mPOST /api/v1/auth/kikurage [32m200 [0m3.483 ms - 429[0m
[0mGET /api/v1/travel/5531fb6603bdb4e53f0c0920 [32m200 [0m1.900 ms - 179[0m
[0mPOST /api/v1/auth/kikurage [32m200 [0m6.348 ms - 429[0m
[0mGET /api/v1/travel/5531fb6603bdb4e53f0c0928 [32m200 [0m2.170 ms - 179[0m
[0mPOST /api/v1/auth/kikurage [32m200 [0m5.513 ms - 429[0m
[0mGET /api/v1/travel/5531fb6603bdb4e53f0c0930 [32m200 [0m2.205 ms - 179[0m
[0mPOST /api/v1/auth/kikurage [32m200 [0m3.719 ms - 429[0m
[0mGET /api/v1/travel/5531fb6603bdb4e53f0c0939 [32m200 [0m3.399 ms - 178[0m
[0mPOST /api/v1/auth/kikurage [32m200 [0m6.802 ms - 429[0m
2015/4/18 15:36:22 { auth: 
   { _id: 5531fb662c78a9df3fa5b407,
     userId: 'kikurage',
     token: 'bf18bc53a98d82b45a634f82c3f823f5b27d85ea10e627bb4d711fdafd98115296adaaf4507d66a012ac2886dab720a3c59c48aaa2e5ea2bff5c290807780622',
     __v: 0,
     updated: Sat Apr 18 2015 15:36:22 GMT+0900 (JST),
     created: Sat Apr 18 2015 15:36:22 GMT+0900 (JST) } }
[0mGET /api/v1/travel [33m404 [0m6.606 ms - 28[0m
[0mPOST /api/v1/auth/kikurage [32m200 [0m3.190 ms - 429[0m
[0mPOST /api/v1/travel [32m200 [0m5.548 ms - 179[0m
[0mGET /api/v1/travel/5531fb662c78a9df3fa5b409 [32m200 [0m2.838 ms - 189[0m
[0mPOST /api/v1/auth/kikurage [32m200 [0m4.369 ms - 429[0m
[0mPOST /api/v1/travel [33m400 [0m1.683 ms - 95[0m
[0mPOST /api/v1/auth/kikurage [32m200 [0m5.866 ms - 429[0m
[0mPOST /api/v1/travel [33m401 [0m1.018 ms - 87[0m
[0mPOST /api/v1/auth/kikurage [32m200 [0m3.279 ms - 429[0m
[0mPOST /api/v1/travel [33m401 [0m0.738 ms - 87[0m
[0mPOST /api/v1/auth/kikurage [32m200 [0m4.273 ms - 429[0m
[0mPOST /api/v1/travel [33m401 [0m1.195 ms - 87[0m
[0mPOST /api/v1/auth/kikurage [32m200 [0m7.538 ms - 429[0m
[0mPATCH /api/v1/travel/5531fb6603bdb4e53f0c0970 [32m200 [0m4.605 ms - 204[0m
[0mGET /api/v1/travel/5531fb6603bdb4e53f0c0970 [32m200 [0m2.488 ms - 204[0m
[0mPOST /api/v1/auth/kikurage [32m200 [0m4.916 ms - 429[0m
[0mPATCH /api/v1/travel/123456789012345678901234 [33m404 [0m3.288 ms - 89[0m
[0mPOST /api/v1/auth/kikurage [32m200 [0m5.476 ms - 429[0m
[0mPATCH /api/v1/travel/5531fb6603bdb4e53f0c0980 [33m401 [0m0.631 ms - 87[0m
[0mPOST /api/v1/auth/kikurage [32m200 [0m5.522 ms - 429[0m
[0mPATCH /api/v1/travel/5531fb6603bdb4e53f0c0988 [33m401 [0m0.783 ms - 87[0m
[0mPOST /api/v1/auth/kikurage [32m200 [0m4.842 ms - 429[0m
[0mPATCH /api/v1/travel/5531fb6603bdb4e53f0c0990 [33m401 [0m1.252 ms - 87[0m
[0mPOST /api/v1/auth/kikurage [32m200 [0m2.856 ms - 429[0m
[0mPATCH /api/v1/travel/5531fb6603bdb4e53f0c0999 [33m403 [0m3.062 ms - 89[0m
[0mGET /api/v1/user/kikurage [32m200 [0m1.768 ms - 175[0m
[0mGET /api/v1/user/unknown [33m404 [0m1.269 ms - 87[0m
[0mPOST /api/v1/user/jinssk [32m200 [0m3.617 ms - 171[0m
[0mPOST /api/v1/user/jinssk [33m400 [0m1.386 ms - 95[0m
[0mPOST /api/v1/user/jinssk [33m400 [0m1.233 ms - 99[0m
[0mPOST /api/v1/user/jinssk [33m400 [0m1.784 ms - 106[0m
[0mPOST /api/v1/user/kikurage [33m409 [0m1.842 ms - 95[0m
[0mPOST /api/v1/auth/kikurage [32m200 [0m3.635 ms - 429[0m
[0mPATCH /api/v1/user/kikurage [32m200 [0m11.759 ms - 182[0m
[0mPOST /api/v1/auth/kikurage [32m200 [0m3.464 ms - 429[0m
[0mPATCH /api/v1/user/unknown [33m404 [0m5.633 ms - 87[0m
[0mPOST /api/v1/auth/kikurage [32m200 [0m4.114 ms - 429[0m
[0mPATCH /api/v1/user/kikurage [33m401 [0m1.200 ms - 87[0m
[0mPOST /api/v1/auth/kikurage [32m200 [0m5.301 ms - 429[0m
[0mPATCH /api/v1/user/kikurage [33m401 [0m0.911 ms - 87[0m
[0mPOST /api/v1/auth/kikurage [32m200 [0m5.669 ms - 429[0m
[0mPATCH /api/v1/user/kikurage [33m401 [0m1.964 ms - 87[0m
[0mPOST /api/v1/auth/kikurage [32m200 [0m7.117 ms - 429[0m
[0mPATCH /api/v1/user/stogu [33m403 [0m6.665 ms - 89[0m
[0mPOST /api/v1/auth/kikurage [32m200 [0m5.745 ms - 429[0m
[0mDELETE /api/v1/user/kikurage [32m200 [0m4.714 ms - 27[0m
[0mGET /api/v1/user/kikurage [33m404 [0m1.717 ms - 87[0m
[0mGET /api/v1/auth [33m404 [0m1.845 ms - 87[0m
[0mPOST /api/v1/auth/kikurage [32m200 [0m3.821 ms - 429[0m
[0mDELETE /api/v1/user/unknown [33m404 [0m1.828 ms - 87[0m
[0mGET /api/v1/user/kikurage [32m200 [0m1.966 ms - 175[0m
[0mGET /api/v1/auth [32m200 [0m2.275 ms - 429[0m
[0mPOST /api/v1/auth/kikurage [32m200 [0m3.636 ms - 429[0m
[0mDELETE /api/v1/user/kikurage [33m401 [0m0.802 ms - 87[0m
[0mGET /api/v1/user/kikurage [32m200 [0m2.082 ms - 175[0m
[0mGET /api/v1/auth [32m200 [0m5.150 ms - 429[0m
[0mPOST /api/v1/auth/kikurage [32m200 [0m6.392 ms - 429[0m
[0mDELETE /api/v1/user/kikurage [33m401 [0m0.568 ms - 87[0m
[0mGET /api/v1/user/kikurage [32m200 [0m2.925 ms - 175[0m
[0mGET /api/v1/auth [32m200 [0m2.732 ms - 429[0m
[0mPOST /api/v1/auth/kikurage [32m200 [0m3.661 ms - 429[0m
[0mDELETE /api/v1/user/kikurage [33m401 [0m1.531 ms - 87[0m
[0mGET /api/v1/user/kikurage [32m200 [0m1.848 ms - 175[0m
[0mGET /api/v1/auth [32m200 [0m2.611 ms - 429[0m
[0mPOST /api/v1/auth/kikurage [32m200 [0m4.597 ms - 429[0m
[0mDELETE /api/v1/user/stogu [33m403 [0m2.715 ms - 89[0m
[0mGET /api/v1/user/stogu [32m200 [0m2.741 ms - 169[0m
[0mGET /api/v1/auth [32m200 [0m3.892 ms - 429[0m
[0mPOST /api/v1/auth/kikurage [32m200 [0m7.619 ms - 429[0m
[0mPOST /api/v1/auth/kikurage [33m400 [0m2.044 ms - 108[0m
[0mPOST /api/v1/auth/kikurage [33m400 [0m1.441 ms - 108[0m
[0mPOST /api/v1/auth/unknown [33m400 [0m2.663 ms - 108[0m
[0mPOST /api/v1/auth/unknown [33m400 [0m1.927 ms - 108[0m
[0mPOST /api/v1/auth/kikurage [32m200 [0m4.768 ms - 429[0m
[0mPOST /api/v1/auth/kikurage [33m400 [0m1.420 ms - 108[0m
[0mPOST /api/v1/auth/kikurage [32m200 [0m7.334 ms - 429[0m
[0mPOST /api/v1/auth/kikurage [33m400 [0m1.425 ms - 108[0m
[0mPOST /api/v1/auth/kikurage [32m200 [0m4.342 ms - 429[0m
[0mPOST /api/v1/auth/unknown [33m400 [0m4.050 ms - 108[0m
[0mPOST /api/v1/auth/kikurage [32m200 [0m3.681 ms - 429[0m
[0mPOST /api/v1/auth/unknown [33m400 [0m9.347 ms - 108[0m
[0mPOST /api/v1/auth/kikurage [32m200 [0m7.468 ms - 429[0m
[0mDELETE /api/v1/user/kikurage [32m200 [0m4.379 ms - 27[0m
[0mPOST /api/v1/auth/kikurage [33m400 [0m1.642 ms - 108[0m
[0mPOST /api/v1/auth/kikurage [32m200 [0m3.503 ms - 429[0m
[0mGET /api/v1/auth [32m200 [0m2.863 ms - 429[0m
[0mGET /api/v1/auth [33m404 [0m0.859 ms - 87[0m
[0mGET /api/v1/auth [33m404 [0m0.795 ms - 87[0m
[0mGET /api/v1/auth [33m404 [0m1.474 ms - 87[0m
[0mPOST /api/v1/auth/kikurage [32m200 [0m4.537 ms - 429[0m
[0mDELETE /api/v1/auth [32m200 [0m1.761 ms - 27[0m
[0mGET /api/v1/auth [33m404 [0m2.401 ms - 87[0m
[0mPOST /api/v1/auth/kikurage [32m200 [0m4.233 ms - 429[0m
[0mDELETE /api/v1/auth [32m200 [0m0.698 ms - 27[0m
[0mGET /api/v1/auth [32m200 [0m2.417 ms - 429[0m
[0mPOST /api/v1/auth/kikurage [32m200 [0m3.884 ms - 429[0m
[0mDELETE /api/v1/auth [32m200 [0m1.169 ms - 27[0m
[0mGET /api/v1/auth [32m200 [0m2.561 ms - 429[0m
[0mPOST /api/v1/auth/kikurage [32m200 [0m3.751 ms - 429[0m
[0mDELETE /api/v1/auth [32m200 [0m1.262 ms - 27[0m
[0mGET /api/v1/auth [32m200 [0m2.620 ms - 429[0m
[0mPOST /api/v1/auth/kikurage [32m200 [0m8.100 ms - 429[0m
[0mDELETE /api/v1/auth [32m200 [0m1.926 ms - 27[0m
[0mGET /api/v1/auth [33m404 [0m1.572 ms - 87[0m
[0mDELETE /api/v1/auth [32m200 [0m1.292 ms - 27[0m
[0mGET /api/v1/auth [33m404 [0m2.987 ms - 87[0m
[0mPOST /api/v1/auth/kikurage [32m200 [0m5.295 ms - 429[0m
[0mGET /api/v1/travel/5531fb73e5dddff03f4144c2 [32m200 [0m4.484 ms - 197[0m
[0mPOST /api/v1/auth/kikurage [32m200 [0m6.353 ms - 429[0m
[0mGET /api/v1/travel/123456789012345678901234 [33m404 [0m3.188 ms - 89[0m
[0mPOST /api/v1/auth/kikurage [32m200 [0m6.193 ms - 429[0m
[0mGET /api/v1/travel/5531fb73e5dddff03f4144d2 [32m200 [0m3.426 ms - 179[0m
[0mPOST /api/v1/auth/kikurage [32m200 [0m8.958 ms - 429[0m
[0mGET /api/v1/travel/5531fb74e5dddff03f4144da [32m200 [0m3.930 ms - 179[0m
[0mPOST /api/v1/auth/kikurage [32m200 [0m6.533 ms - 429[0m
[0mGET /api/v1/travel/5531fb74e5dddff03f4144e2 [32m200 [0m4.225 ms - 179[0m
[0mPOST /api/v1/auth/kikurage [32m200 [0m8.022 ms - 429[0m
[0mGET /api/v1/travel/5531fb74e5dddff03f4144eb [32m200 [0m4.116 ms - 178[0m
[0mPOST /api/v1/auth/kikurage [32m200 [0m11.088 ms - 429[0m
2015/4/18 15:36:36 { auth: 
   { _id: 5531fb742c78a9df3fa5b433,
     userId: 'kikurage',
     token: 'bf18bc53a98d82b45a634f82c3f823f5b27d85ea10e627bb4d711fdafd98115296adaaf4507d66a012ac2886dab720a3c59c48aaa2e5ea2bff5c290807780622',
     __v: 0,
     updated: Sat Apr 18 2015 15:36:36 GMT+0900 (JST),
     created: Sat Apr 18 2015 15:36:36 GMT+0900 (JST) } }
[0mGET /api/v1/travel [33m404 [0m5.848 ms - 28[0m
[0mPOST /api/v1/auth/kikurage [32m200 [0m9.457 ms - 429[0m
[0mPOST /api/v1/travel [32m200 [0m6.840 ms - 179[0m
[0mGET /api/v1/travel/5531fb742c78a9df3fa5b435 [32m200 [0m4.693 ms - 189[0m
[0mPOST /api/v1/auth/kikurage [32m200 [0m9.445 ms - 429[0m
[0mPOST /api/v1/travel [33m400 [0m3.694 ms - 95[0m
[0mPOST /api/v1/auth/kikurage [32m200 [0m7.527 ms - 429[0m
[0mPOST /api/v1/travel [33m401 [0m1.254 ms - 87[0m
[0mPOST /api/v1/auth/kikurage [32m200 [0m8.523 ms - 429[0m
[0mPOST /api/v1/travel [33m401 [0m1.326 ms - 87[0m
[0mPOST /api/v1/auth/kikurage [32m200 [0m7.317 ms - 429[0m
[0mPOST /api/v1/travel [33m401 [0m1.794 ms - 87[0m
[0mPOST /api/v1/auth/kikurage [32m200 [0m8.908 ms - 429[0m
[0mPATCH /api/v1/travel/5531fb74e5dddff03f414522 [32m200 [0m13.079 ms - 204[0m
[0mGET /api/v1/travel/5531fb74e5dddff03f414522 [32m200 [0m5.583 ms - 204[0m
[0mPOST /api/v1/auth/kikurage [32m200 [0m8.689 ms - 429[0m
[0mPATCH /api/v1/travel/123456789012345678901234 [33m404 [0m6.625 ms - 89[0m
[0mPOST /api/v1/auth/kikurage [32m200 [0m6.755 ms - 429[0m
[0mPATCH /api/v1/travel/5531fb74e5dddff03f414532 [33m401 [0m1.377 ms - 87[0m
[0mPOST /api/v1/auth/kikurage [32m200 [0m7.939 ms - 429[0m
[0mPATCH /api/v1/travel/5531fb74e5dddff03f41453a [33m401 [0m1.457 ms - 87[0m
[0mPOST /api/v1/auth/kikurage [32m200 [0m6.559 ms - 429[0m
[0mPATCH /api/v1/travel/5531fb74e5dddff03f414542 [33m401 [0m2.548 ms - 87[0m
[0mPOST /api/v1/auth/kikurage [32m200 [0m7.906 ms - 429[0m
[0mPATCH /api/v1/travel/5531fb74e5dddff03f41454b [33m403 [0m5.913 ms - 89[0m
[0mGET /api/v1/user/kikurage [32m200 [0m3.659 ms - 175[0m
[0mGET /api/v1/user/unknown [33m404 [0m2.141 ms - 87[0m
[0mPOST /api/v1/user/jinssk [32m200 [0m6.210 ms - 171[0m
[0mPOST /api/v1/user/jinssk [33m400 [0m2.555 ms - 95[0m
[0mPOST /api/v1/user/jinssk [33m400 [0m2.185 ms - 99[0m
[0mPOST /api/v1/user/jinssk [33m400 [0m1.830 ms - 106[0m
[0mPOST /api/v1/user/kikurage [33m409 [0m4.195 ms - 95[0m
[0mPOST /api/v1/auth/kikurage [32m200 [0m7.751 ms - 429[0m
[0mPATCH /api/v1/user/kikurage [32m200 [0m5.190 ms - 182[0m
[0mPOST /api/v1/auth/kikurage [32m200 [0m6.739 ms - 429[0m
[0mPATCH /api/v1/user/unknown [33m404 [0m5.849 ms - 87[0m
[0mPOST /api/v1/auth/kikurage [32m200 [0m7.659 ms - 429[0m
[0mPATCH /api/v1/user/kikurage [33m401 [0m1.202 ms - 87[0m
[0mPOST /api/v1/auth/kikurage [32m200 [0m8.991 ms - 429[0m
[0mPATCH /api/v1/user/kikurage [33m401 [0m1.541 ms - 87[0m
[0mPOST /api/v1/auth/kikurage [32m200 [0m11.732 ms - 429[0m
[0mPATCH /api/v1/user/kikurage [33m401 [0m2.168 ms - 87[0m
[0mPOST /api/v1/auth/kikurage [32m200 [0m6.527 ms - 429[0m
[0mPATCH /api/v1/user/stogu [33m403 [0m4.022 ms - 89[0m
[0mPOST /api/v1/auth/kikurage [32m200 [0m9.133 ms - 429[0m
[0mDELETE /api/v1/user/kikurage [32m200 [0m7.337 ms - 27[0m
[0mGET /api/v1/user/kikurage [33m404 [0m2.633 ms - 87[0m
[0mGET /api/v1/auth [33m404 [0m2.007 ms - 87[0m
[0mPOST /api/v1/auth/kikurage [32m200 [0m8.294 ms - 429[0m
[0mDELETE /api/v1/user/unknown [33m404 [0m3.179 ms - 87[0m
[0mGET /api/v1/user/kikurage [32m200 [0m2.774 ms - 175[0m
[0mGET /api/v1/auth [32m200 [0m4.317 ms - 429[0m
[0mPOST /api/v1/auth/kikurage [32m200 [0m7.111 ms - 429[0m
[0mDELETE /api/v1/user/kikurage [33m401 [0m1.525 ms - 87[0m
[0mGET /api/v1/user/kikurage [32m200 [0m4.792 ms - 175[0m
[0mGET /api/v1/auth [32m200 [0m3.704 ms - 429[0m
[0mPOST /api/v1/auth/kikurage [32m200 [0m7.594 ms - 429[0m
[0mDELETE /api/v1/user/kikurage [33m401 [0m2.774 ms - 87[0m
[0mGET /api/v1/user/kikurage [32m200 [0m2.413 ms - 175[0m
[0mGET /api/v1/auth [32m200 [0m4.702 ms - 429[0m
[0mPOST /api/v1/auth/kikurage [32m200 [0m7.882 ms - 429[0m
[0mDELETE /api/v1/user/kikurage [33m401 [0m4.199 ms - 87[0m
[0mGET /api/v1/user/kikurage [32m200 [0m3.497 ms - 175[0m
[0mGET /api/v1/auth [32m200 [0m4.334 ms - 429[0m
[0mPOST /api/v1/auth/kikurage [32m200 [0m6.483 ms - 429[0m
[0mDELETE /api/v1/user/stogu [33m403 [0m6.106 ms - 89[0m
[0mGET /api/v1/user/stogu [32m200 [0m3.135 ms - 169[0m
[0mGET /api/v1/auth [32m200 [0m4.302 ms - 429[0m
